# JRE version: Java(TM) SE Runtime Environment (17.0.11+7) (build 17.0.11+7-LTS-207)
# Java VM: Java HotSpot(TM) 64-Bit Server VM (17.0.11+7-LTS-207, mixed mode, sharing, tiered, compressed oops, compressed class ptrs, g1 gc, windows-amd64)
GC Precious Log:
 CPUs: 24 total, 24 available
 Memory: 32681M
 Large Page Support: Disabled
 NUMA Support: Disabled
 Compressed Oops: Enabled (Zero based)
 Heap Region Size: 4M
 Heap Min Capacity: 8M
 Heap Initial Capacity: 512M
 Heap Max Capacity: 8172M
 Pre-touch: Disabled
 Parallel Workers: 18
 Concurrent Workers: 5
 Concurrent Refinement Workers: 18
 Periodic GC: Disabled
Heap:
 garbage-first heap   total 524288K, used 450534K [0x0000000601400000, 0x0000000800000000)
  region size 4096K, 73 young (299008K), 7 survivors (28672K)
 Metaspace       used 7540K, committed 7744K, reserved 1114112K
  class space    used 424K, committed 512K, reserved 1048576K
GC Heap History (8 events):
Event: 0.508 GC heap before
{Heap before GC invocations=0 (full 0):
 garbage-first heap   total 524288K, used 24576K [0x0000000601400000, 0x0000000800000000)
  region size 4096K, 6 young (24576K), 0 survivors (0K)
 Metaspace       used 5238K, committed 5440K, reserved 1114112K
  class space    used 326K, committed 448K, reserved 1048576K
}
Event: 0.510 GC heap after
{Heap after GC invocations=1 (full 0):
 garbage-first heap   total 524288K, used 2784K [0x0000000601400000, 0x0000000800000000)
  region size 4096K, 1 young (4096K), 1 survivors (4096K)
 Metaspace       used 5238K, committed 5440K, reserved 1114112K
  class space    used 326K, committed 448K, reserved 1048576K
}
Event: 0.553 GC heap before
{Heap before GC invocations=1 (full 0):
 garbage-first heap   total 524288K, used 35552K [0x0000000601400000, 0x0000000800000000)
  region size 4096K, 9 young (36864K), 1 survivors (4096K)
 Metaspace       used 5269K, committed 5440K, reserved 1114112K
  class space    used 326K, committed 448K, reserved 1048576K
}
Event: 0.555 GC heap after
{Heap after GC invocations=2 (full 0):
 garbage-first heap   total 524288K, used 3403K [0x0000000601400000, 0x0000000800000000)
  region size 4096K, 1 young (4096K), 1 survivors (4096K)
 Metaspace       used 5269K, committed 5440K, reserved 1114112K
  class space    used 326K, committed 448K, reserved 1048576K
}
Event: 0.699 GC heap before
{Heap before GC invocations=2 (full 0):
 garbage-first heap   total 524288K, used 310603K [0x0000000601400000, 0x0000000800000000)
  region size 4096K, 76 young (311296K), 1 survivors (4096K)
 Metaspace       used 5336K, committed 5568K, reserved 1114112K
  class space    used 329K, committed 448K, reserved 1048576K
}
Event: 0.702 GC heap after
{Heap after GC invocations=3 (full 0):
 garbage-first heap   total 524288K, used 10803K [0x0000000601400000, 0x0000000800000000)
  region size 4096K, 3 young (12288K), 3 survivors (12288K)
 Metaspace       used 5336K, committed 5568K, reserved 1114112K
  class space    used 329K, committed 448K, reserved 1048576K
}
Event: 1.055 GC heap before
{Heap before GC invocations=3 (full 0):
 garbage-first heap   total 524288K, used 363059K [0x0000000601400000, 0x0000000800000000)
  region size 4096K, 76 young (311296K), 3 survivors (12288K)
 Metaspace       used 5668K, committed 5888K, reserved 1114112K
  class space    used 355K, committed 448K, reserved 1048576K
}
Event: 1.062 GC heap after
{Heap after GC invocations=4 (full 0):
 garbage-first heap   total 524288K, used 69606K [0x0000000601400000, 0x0000000800000000)
  region size 4096K, 7 young (28672K), 7 survivors (28672K)
 Metaspace       used 5668K, committed 5888K, reserved 1114112K
  class space    used 355K, committed 448K, reserved 1048576K
}

