# JRE version: OpenJDK Runtime Environment Corretto-21.0.5.11.1 (21.0.5+11) (build 21.0.5+11-LTS)
# Java VM: OpenJDK 64-Bit Server VM Corretto-21.0.5.11.1 (21.0.5+11-LTS, mixed mode, sharing, tiered, compressed oops, compressed class ptrs, g1 gc, windows-amd64)
GC Precious Log:
 CardTable entry size: 512
 Card Set container configuration: InlinePtr #cards 4 size 8 Array Of Cards #cards 32 size 80 Howl #buckets 8 coarsen threshold 7372 Howl Bitmap #cards 1024 size 144 coarsen threshold 921 Card regions per heap region 1 cards per card region 8192
 CPUs: 24 total, 24 available
 Memory: 32681M
 Large Page Support: Disabled
 NUMA Support: Disabled
 Compressed Oops: Enabled (Zero based)
 Heap Region Size: 4M
 Heap Min Capacity: 8M
 Heap Initial Capacity: 512M
 Heap Max Capacity: 8172M
 Pre-touch: Disabled
 Parallel Workers: 18
 Concurrent Workers: 5
 Concurrent Refinement Workers: 18
 Periodic GC: Disabled
Heap:
 garbage-first heap   total 524288K, used 455384K [0x0000000601400000, 0x0000000800000000)
  region size 4096K, 75 young (307200K), 8 survivors (32768K)
 Metaspace       used 7262K, committed 7424K, reserved 1114112K
  class space    used 374K, committed 448K, reserved 1048576K
GC Heap History (8 events):
Event: 0.673 GC heap before
{Heap before GC invocations=0 (full 0):
 garbage-first heap   total 524288K, used 24576K [0x0000000601400000, 0x0000000800000000)
  region size 4096K, 6 young (24576K), 0 survivors (0K)
 Metaspace       used 4980K, committed 5120K, reserved 1114112K
  class space    used 288K, committed 384K, reserved 1048576K
}
Event: 0.676 GC heap after
{Heap after GC invocations=1 (full 0):
 garbage-first heap   total 524288K, used 2835K [0x0000000601400000, 0x0000000800000000)
  region size 4096K, 1 young (4096K), 1 survivors (4096K)
 Metaspace       used 4980K, committed 5120K, reserved 1114112K
  class space    used 288K, committed 384K, reserved 1048576K
}
Event: 0.724 GC heap before
{Heap before GC invocations=1 (full 0):
 garbage-first heap   total 524288K, used 39699K [0x0000000601400000, 0x0000000800000000)
  region size 4096K, 10 young (40960K), 1 survivors (4096K)
 Metaspace       used 4995K, committed 5184K, reserved 1114112K
  class space    used 288K, committed 384K, reserved 1048576K
}
Event: 0.726 GC heap after
{Heap after GC invocations=2 (full 0):
 garbage-first heap   total 524288K, used 3658K [0x0000000601400000, 0x0000000800000000)
  region size 4096K, 1 young (4096K), 1 survivors (4096K)
 Metaspace       used 4995K, committed 5184K, reserved 1114112K
  class space    used 288K, committed 384K, reserved 1048576K
}
Event: 0.912 GC heap before
{Heap before GC invocations=2 (full 0):
 garbage-first heap   total 524288K, used 310858K [0x0000000601400000, 0x0000000800000000)
  region size 4096K, 76 young (311296K), 1 survivors (4096K)
 Metaspace       used 5088K, committed 5248K, reserved 1114112K
  class space    used 290K, committed 384K, reserved 1048576K
}
Event: 0.916 GC heap after
{Heap after GC invocations=3 (full 0):
 garbage-first heap   total 524288K, used 11141K [0x0000000601400000, 0x0000000800000000)
  region size 4096K, 3 young (12288K), 3 survivors (12288K)
 Metaspace       used 5088K, committed 5248K, reserved 1114112K
  class space    used 290K, committed 384K, reserved 1048576K
}
Event: 1.241 GC heap before
{Heap before GC invocations=3 (full 0):
 garbage-first heap   total 524288K, used 367493K [0x0000000601400000, 0x0000000800000000)
  region size 4096K, 76 young (311296K), 3 survivors (12288K)
 Metaspace       used 5344K, committed 5504K, reserved 1114112K
  class space    used 306K, committed 384K, reserved 1048576K
}
Event: 1.249 GC heap after
{Heap after GC invocations=4 (full 0):
 garbage-first heap   total 524288K, used 70360K [0x0000000601400000, 0x0000000800000000)
  region size 4096K, 8 young (32768K), 8 survivors (32768K)
 Metaspace       used 5344K, committed 5504K, reserved 1114112K
  class space    used 306K, committed 384K, reserved 1048576K
}

