# JRE version: Java(TM) SE Runtime Environment (17.0.11+7) (build 17.0.11+7-LTS-207)
# Java VM: Java HotSpot(TM) 64-Bit Server VM (17.0.11+7-LTS-207, mixed mode, sharing, tiered, compressed oops, compressed class ptrs, g1 gc, windows-amd64)
GC Precious Log:
 CPUs: 24 total, 24 available
 Memory: 32681M
 Large Page Support: Disabled
 NUMA Support: Disabled
 Compressed Oops: Enabled (Zero based)
 Heap Region Size: 4M
 Heap Min Capacity: 8M
 Heap Initial Capacity: 512M
 Heap Max Capacity: 8172M
 Pre-touch: Disabled
 Parallel Workers: 18
 Concurrent Workers: 5
 Concurrent Refinement Workers: 18
 Periodic GC: Disabled
Heap:
 garbage-first heap   total 524288K, used 425984K [0x0000000601400000, 0x0000000800000000)
  region size 4096K, 67 young (274432K), 7 survivors (28672K)
 Metaspace       used 7542K, committed 7744K, reserved 1114112K
  class space    used 422K, committed 512K, reserved 1048576K
GC Heap History (8 events):
Event: 0.517 GC heap before
{Heap before GC invocations=0 (full 0):
 garbage-first heap   total 524288K, used 24576K [0x0000000601400000, 0x0000000800000000)
  region size 4096K, 6 young (24576K), 0 survivors (0K)
 Metaspace       used 4701K, committed 4928K, reserved 1114112K
  class space    used 316K, committed 448K, reserved 1048576K
}
Event: 0.520 GC heap after
{Heap after GC invocations=1 (full 0):
 garbage-first heap   total 524288K, used 2801K [0x0000000601400000, 0x0000000800000000)
  region size 4096K, 1 young (4096K), 1 survivors (4096K)
 Metaspace       used 4701K, committed 4928K, reserved 1114112K
  class space    used 316K, committed 448K, reserved 1048576K
}
Event: 0.564 GC heap before
{Heap before GC invocations=1 (full 0):
 garbage-first heap   total 524288K, used 35569K [0x0000000601400000, 0x0000000800000000)
  region size 4096K, 9 young (36864K), 1 survivors (4096K)
 Metaspace       used 4725K, committed 4928K, reserved 1114112K
  class space    used 316K, committed 448K, reserved 1048576K
}
Event: 0.566 GC heap after
{Heap after GC invocations=2 (full 0):
 garbage-first heap   total 524288K, used 3429K [0x0000000601400000, 0x0000000800000000)
  region size 4096K, 1 young (4096K), 1 survivors (4096K)
 Metaspace       used 4725K, committed 4928K, reserved 1114112K
  class space    used 316K, committed 448K, reserved 1048576K
}
Event: 0.716 GC heap before
{Heap before GC invocations=2 (full 0):
 garbage-first heap   total 524288K, used 310629K [0x0000000601400000, 0x0000000800000000)
  region size 4096K, 76 young (311296K), 1 survivors (4096K)
 Metaspace       used 4792K, committed 5056K, reserved 1114112K
  class space    used 319K, committed 448K, reserved 1048576K
}
Event: 0.720 GC heap after
{Heap after GC invocations=3 (full 0):
 garbage-first heap   total 524288K, used 10965K [0x0000000601400000, 0x0000000800000000)
  region size 4096K, 3 young (12288K), 3 survivors (12288K)
 Metaspace       used 4792K, committed 5056K, reserved 1114112K
  class space    used 319K, committed 448K, reserved 1048576K
}
Event: 1.070 GC heap before
{Heap before GC invocations=3 (full 0):
 garbage-first heap   total 524288K, used 367317K [0x0000000601400000, 0x0000000800000000)
  region size 4096K, 76 young (311296K), 3 survivors (12288K)
 Metaspace       used 5111K, committed 5312K, reserved 1114112K
  class space    used 345K, committed 448K, reserved 1048576K
}
Event: 1.077 GC heap after
{Heap after GC invocations=4 (full 0):
 garbage-first heap   total 524288K, used 69632K [0x0000000601400000, 0x0000000800000000)
  region size 4096K, 7 young (28672K), 7 survivors (28672K)
 Metaspace       used 5111K, committed 5312K, reserved 1114112K
  class space    used 345K, committed 448K, reserved 1048576K
}

