# JRE version: OpenJDK Runtime Environment Temurin-21.0.3+9 (21.0.3+9) (build 21.0.3+9-LTS)
# Java VM: OpenJDK 64-Bit Server VM Temurin-21.0.3+9 (21.0.3+9-LTS, mixed mode, sharing, tiered, compressed oops, compressed class ptrs, g1 gc, windows-amd64)
GC Precious Log:
 CardTable entry size: 512
 Card Set container configuration: InlinePtr #cards 4 size 8 Array Of Cards #cards 32 size 80 Howl #buckets 8 coarsen threshold 7372 Howl Bitmap #cards 1024 size 144 coarsen threshold 921 Card regions per heap region 1 cards per card region 8192
 CPUs: 24 total, 24 available
 Memory: 32681M
 Large Page Support: Disabled
 NUMA Support: Disabled
 Compressed Oops: Enabled (Zero based)
 Heap Region Size: 4M
 Heap Min Capacity: 8M
 Heap Initial Capacity: 512M
 Heap Max Capacity: 8172M
 Pre-touch: Disabled
 Parallel Workers: 18
 Concurrent Workers: 5
 Concurrent Refinement Workers: 18
 Periodic GC: Disabled
Heap:
 garbage-first heap   total 794624K, used 251460K [0x0000000601400000, 0x0000000800000000)
  region size 4096K, 3 young (12288K), 1 survivors (4096K)
 Metaspace       used 7670K, committed 7808K, reserved 1114112K
  class space    used 414K, committed 512K, reserved 1048576K
GC Heap History (12 events):
Event: 0.667 GC heap before
{Heap before GC invocations=0 (full 0):
 garbage-first heap   total 524288K, used 24576K [0x0000000601400000, 0x0000000800000000)
  region size 4096K, 6 young (24576K), 0 survivors (0K)
 Metaspace       used 5319K, committed 5568K, reserved 1114112K
  class space    used 317K, committed 448K, reserved 1048576K
}
Event: 0.670 GC heap after
{Heap after GC invocations=1 (full 0):
 garbage-first heap   total 524288K, used 2757K [0x0000000601400000, 0x0000000800000000)
  region size 4096K, 1 young (4096K), 1 survivors (4096K)
 Metaspace       used 5319K, committed 5568K, reserved 1114112K
  class space    used 317K, committed 448K, reserved 1048576K
}
Event: 0.719 GC heap before
{Heap before GC invocations=1 (full 0):
 garbage-first heap   total 524288K, used 39621K [0x0000000601400000, 0x0000000800000000)
  region size 4096K, 10 young (40960K), 1 survivors (4096K)
 Metaspace       used 5344K, committed 5568K, reserved 1114112K
  class space    used 317K, committed 448K, reserved 1048576K
}
Event: 0.721 GC heap after
{Heap after GC invocations=2 (full 0):
 garbage-first heap   total 524288K, used 3409K [0x0000000601400000, 0x0000000800000000)
  region size 4096K, 1 young (4096K), 1 survivors (4096K)
 Metaspace       used 5344K, committed 5568K, reserved 1114112K
  class space    used 317K, committed 448K, reserved 1048576K
}
Event: 0.896 GC heap before
{Heap before GC invocations=2 (full 0):
 garbage-first heap   total 524288K, used 306513K [0x0000000601400000, 0x0000000800000000)
  region size 4096K, 76 young (311296K), 1 survivors (4096K)
 Metaspace       used 5416K, committed 5632K, reserved 1114112K
  class space    used 319K, committed 448K, reserved 1048576K
}
Event: 0.900 GC heap after
{Heap after GC invocations=3 (full 0):
 garbage-first heap   total 524288K, used 10977K [0x0000000601400000, 0x0000000800000000)
  region size 4096K, 3 young (12288K), 3 survivors (12288K)
 Metaspace       used 5416K, committed 5632K, reserved 1114112K
  class space    used 319K, committed 448K, reserved 1048576K
}
Event: 1.257 GC heap before
{Heap before GC invocations=3 (full 0):
 garbage-first heap   total 524288K, used 367329K [0x0000000601400000, 0x0000000800000000)
  region size 4096K, 76 young (311296K), 3 survivors (12288K)
 Metaspace       used 5751K, committed 5952K, reserved 1114112K
  class space    used 346K, committed 448K, reserved 1048576K
}
Event: 1.265 GC heap after
{Heap after GC invocations=4 (full 0):
 garbage-first heap   total 524288K, used 70611K [0x0000000601400000, 0x0000000800000000)
  region size 4096K, 8 young (32768K), 8 survivors (32768K)
 Metaspace       used 5751K, committed 5952K, reserved 1114112K
  class space    used 346K, committed 448K, reserved 1048576K
}
Event: 1.698 GC heap before
{Heap before GC invocations=4 (full 0):
 garbage-first heap   total 524288K, used 435155K [0x0000000601400000, 0x0000000800000000)
  region size 4096K, 76 young (311296K), 8 survivors (32768K)
 Metaspace       used 5838K, committed 6016K, reserved 1114112K
  class space    used 352K, committed 448K, reserved 1048576K
}
Event: 1.739 GC heap after
{Heap after GC invocations=5 (full 0):
 garbage-first heap   total 561152K, used 214798K [0x0000000601400000, 0x0000000800000000)
  region size 4096K, 10 young (40960K), 10 survivors (40960K)
 Metaspace       used 5838K, committed 6016K, reserved 1114112K
  class space    used 352K, committed 448K, reserved 1048576K
}
Event: 1.749 GC heap before
{Heap before GC invocations=5 (full 0):
 garbage-first heap   total 561152K, used 227086K [0x0000000601400000, 0x0000000800000000)
  region size 4096K, 11 young (45056K), 10 survivors (40960K)
 Metaspace       used 5838K, committed 6016K, reserved 1114112K
  class space    used 352K, committed 448K, reserved 1048576K
}
Event: 1.765 GC heap after
{Heap after GC invocations=6 (full 0):
 garbage-first heap   total 794624K, used 235076K [0x0000000601400000, 0x0000000800000000)
  region size 4096K, 1 young (4096K), 1 survivors (4096K)
 Metaspace       used 5838K, committed 6016K, reserved 1114112K
  class space    used 352K, committed 448K, reserved 1048576K
}

